
> rbac@0.0.0 lint D:\Code\RBAC
> nx run-many -t lint --all


[7m[1m[36m NX [39m[22m[27m  [36mRunning target [1mlint[22m for 13 projects:[39m

[2m-[22m test-utils
[2m-[22m validation
[2m-[22m config
[2m-[22m types
[2m-[22m api-e2e
[2m-[22m web-e2e
[2m-[22m tasks
[2m-[22m auth
[2m-[22m orgs
[2m-[22m api
[2m-[22m web
[2m-[22m ai
[2m-[22m ui

[2m[36m[39m[22m

[2m> [22m[2mnx run[22m types:lint

[2m> [22meslint .


Oops! Something went wrong! :(

ESLint: 9.39.4

A configuration object specifies rule "import/order", but could not find plugin "import".

Common causes of this problem include:

1. The "import" plugin is not defined in your configuration file.
2. The "import" plugin is not defined within the same configuration object in which the "import/order" rule is applied.

Warning: command "eslint ." exited with non-zero status code
[2m> [22m[2mnx run[22m tasks:lint

[2m> [22meslint .


Oops! Something went wrong! :(

ESLint: 9.39.4

A configuration object specifies rule "import/order", but could not find plugin "import".

Common causes of this problem include:

1. The "import" plugin is not defined in your configuration file.
2. The "import" plugin is not defined within the same configuration object in which the "import/order" rule is applied.

Warning: command "eslint ." exited with non-zero status code
[2m> [22m[2mnx run[22m config:lint

[2m> [22meslint .


Oops! Something went wrong! :(

ESLint: 9.39.4

A configuration object specifies rule "import/order", but could not find plugin "import".

Common causes of this problem include:

1. The "import" plugin is not defined in your configuration file.
2. The "import" plugin is not defined within the same configuration object in which the "import/order" rule is applied.

Warning: command "eslint ." exited with non-zero status code
[2m> [22m[2mnx run[22m web:lint


Linting "web"...

[7m[1m[31m NX [39m[22m[27m  [31mCannot find module 'D:\Code\RBAC\apps\eslint.config.mjs' imported from D:\Code\RBAC\apps\web\eslint.config.mjs[39m

Error [ERR_MODULE_NOT_FOUND]: Cannot find module 'D:\Code\RBAC\apps\eslint.config.mjs' imported from D:\Code\RBAC\apps\web\eslint.config.mjs
    at finalizeResolution (node:internal/modules/esm/resolve:274:11)
    at moduleResolve (node:internal/modules/esm/resolve:859:10)
    at defaultResolve (node:internal/modules/esm/resolve:983:11)
    at #cachedDefaultResolve (node:internal/modules/esm/loader:731:20)
    at ModuleLoader.resolve (node:internal/modules/esm/loader:708:38)
    at ModuleLoader.getModuleJobForImport (node:internal/modules/esm/loader:310:38)
    at ModuleJob._link (node:internal/modules/esm/module_job:182:49)


[2m> [22m[2mnx run[22m api:lint

[2m> [22meslint .


Oops! Something went wrong! :(

ESLint: 9.39.4

A configuration object specifies rule "import/order", but could not find plugin "import".

Common causes of this problem include:

1. The "import" plugin is not defined in your configuration file.
2. The "import" plugin is not defined within the same configuration object in which the "import/order" rule is applied.

Warning: command "eslint ." exited with non-zero status code
[2m> [22m[2mnx run[22m test-utils:lint

[2m> [22meslint .


Oops! Something went wrong! :(

ESLint: 9.39.4

A configuration object specifies rule "import/order", but could not find plugin "import".

Common causes of this problem include:

1. The "import" plugin is not defined in your configuration file.
2. The "import" plugin is not defined within the same configuration object in which the "import/order" rule is applied.

Warning: command "eslint ." exited with non-zero status code
[2m> [22m[2mnx run[22m web-e2e:lint

[2m> [22meslint .


Oops! Something went wrong! :(

ESLint: 9.39.4

Error [ERR_MODULE_NOT_FOUND]: Cannot find module 'D:\Code\RBAC\apps\eslint.config.mjs' imported from D:\Code\RBAC\apps\web-e2e\eslint.config.mjs
    at finalizeResolution (node:internal/modules/esm/resolve:274:11)
    at moduleResolve (node:internal/modules/esm/resolve:859:10)
    at defaultResolve (node:internal/modules/esm/resolve:983:11)
    at #cachedDefaultResolve (node:internal/modules/esm/loader:731:20)
    at ModuleLoader.resolve (node:internal/modules/esm/loader:708:38)
    at ModuleLoader.getModuleJobForImport (node:internal/modules/esm/loader:310:38)
    at ModuleJob._link (node:internal/modules/esm/module_job:182:49)
Warning: command "eslint ." exited with non-zero status code
[2m> [22m[2mnx run[22m validation:lint

[2m> [22meslint .


Oops! Something went wrong! :(

ESLint: 9.39.4

A configuration object specifies rule "import/order", but could not find plugin "import".

Common causes of this problem include:

1. The "import" plugin is not defined in your configuration file.
2. The "import" plugin is not defined within the same configuration object in which the "import/order" rule is applied.

Warning: command "eslint ." exited with non-zero status code
[2m> [22m[2mnx run[22m api-e2e:lint

[2m> [22meslint .


Oops! Something went wrong! :(

ESLint: 9.39.4

A configuration object specifies rule "import/order", but could not find plugin "import".

Common causes of this problem include:

1. The "import" plugin is not defined in your configuration file.
2. The "import" plugin is not defined within the same configuration object in which the "import/order" rule is applied.

Warning: command "eslint ." exited with non-zero status code
[2m> [22m[2mnx run[22m auth:lint

[2m> [22meslint .


Oops! Something went wrong! :(

ESLint: 9.39.4

A configuration object specifies rule "import/order", but could not find plugin "import".

Common causes of this problem include:

1. The "import" plugin is not defined in your configuration file.
2. The "import" plugin is not defined within the same configuration object in which the "import/order" rule is applied.

Warning: command "eslint ." exited with non-zero status code
[2m> [22m[2mnx run[22m orgs:lint

[2m> [22meslint .


Oops! Something went wrong! :(

ESLint: 9.39.4

A configuration object specifies rule "import/order", but could not find plugin "import".

Common causes of this problem include:

1. The "import" plugin is not defined in your configuration file.
2. The "import" plugin is not defined within the same configuration object in which the "import/order" rule is applied.

Warning: command "eslint ." exited with non-zero status code
[2m> [22m[2mnx run[22m ai:lint

[2m> [22meslint .


Oops! Something went wrong! :(

ESLint: 9.39.4

A configuration object specifies rule "import/order", but could not find plugin "import".

Common causes of this problem include:

1. The "import" plugin is not defined in your configuration file.
2. The "import" plugin is not defined within the same configuration object in which the "import/order" rule is applied.

Warning: command "eslint ." exited with non-zero status code
[2m> [22m[2mnx run[22m ui:lint

[2m> [22meslint .


Oops! Something went wrong! :(

ESLint: 9.39.4

A configuration object specifies rule "import/order", but could not find plugin "import".

Common causes of this problem include:

1. The "import" plugin is not defined in your configuration file.
2. The "import" plugin is not defined within the same configuration object in which the "import/order" rule is applied.

Warning: command "eslint ." exited with non-zero status code
[2m[31m[39m[22m

[7m[1m[31m NX [39m[22m[27m  [31mRunning target [1mlint[22m for 13 projects failed[39m

[2mFailed tasks:[22m

[2m-[22m types:lint
[2m-[22m tasks:lint
[2m-[22m config:lint
[2m-[22m web:lint
[2m-[22m api:lint
[2m-[22m test-utils:lint
[2m-[22m web-e2e:lint
[2m-[22m validation:lint
[2m-[22m api-e2e:lint
[2m-[22m auth:lint
[2m-[22m orgs:lint
[2m-[22m ai:lint
[2m-[22m ui:lint

ΓÇëELIFECYCLEΓÇë Command failed with exit code 1.
